{"id": 1, "sender": "0x123456789abcdef", "receiver": "Bob", "amount": 0.0005, "hash": "abc123"}{"id": 1, "sender": "0x123456789abcdef", "receiver": "Bob", "amount": 0.0005, "hash": "abc123"}{"id": 1, "sender": "0x123456789abcdef", "receiver": "Bob", "amount": 0.0005, "hash": "abc123"}{
    "id": 1,
    "sender": "0x123456789abcdef",
    "receiver": "Bob",
    "amount": 0.0005,
    "hash": "abc123"
}{
    "id": 1,
    "sender": "0x123456789abcdef",
    "receiver": "Bob",
    "amount": 0.0005,
    "hash": "abc123"
}{
    "id": 1,
    "sender": "0x123456789abcdef",
    "receiver": "Bob",
    "amount": 0.0005,
    "hash": "abc123"
}
{
    "id": 2,
    "sender": "Eve",
    "receiver": "Charlie",
    "amount": 0.0002,
    "hash": "def456"
}
{
    "id": 1,
    "sender": "0x123456789abcdef",
    "receiver": "Bob",
    "amount": 0.0005,
    "hash": "abc123"
}
{
    "id": 2,
    "sender": "Eve",
    "receiver": "Charlie",
    "amount": 0.0002,
    "hash": "def456"
}
{
    "id": 1,
    "sender": "0x123456789abcdef",
    "receiver": "Bob",
    "amount": 0.0005,
    "hash": "abc123"
}
{
    "id": 2,
    "sender": "Eve",
    "receiver": "Charlie",
    "amount": 0.0002,
    "hash": "def456"
}
{
    "id": 1,
    "sender": "0x123456789abcdef",
    "receiver": "Bob",
    "amount": 0.0005,
    "hash": "abc123"
}
{
    "id": 2,
    "sender": "Eve",
    "receiver": "Charlie",
    "amount": 0.0002,
    "hash": "def456"
}
{
    "id": 1,
    "sender": "0x123456789abcdef",
    "receiver": "Bob",
    "amount": 0.0005,
    "hash": "abc123"
}
{
    "id": 2,
    "sender": "Eve",
    "receiver": "Charlie",
    "amount": 0.0002,
    "hash": "def456"
}
{
    "id": 1,
    "sender": "0x123456789abcdef",
    "receiver": "Bob",
    "amount": 0.0005,
    "hash": "abc123"
}
{
    "id": 2,
    "sender": "Eve",
    "receiver": "Charlie",
    "amount": 0.0002,
    "hash": "def456"
}
{
    "id": 1,
    "sender": "0x123456789abcdef",
    "receiver": "Bob",
    "amount": 0.0005,
    "hash": "abc123"
}
{
    "id": 2,
    "sender": "Eve",
    "receiver": "Charlie",
    "amount": 0.0002,
    "hash": "def456"
}
{
    "id": 1,
    "sender": "0x123456789abcdef",
    "receiver": "Bob",
    "amount": 0.0005,
    "hash": "abc123"
}
{
    "id": 2,
    "sender": "Eve",
    "receiver": "Charlie",
    "amount": 0.0002,
    "hash": "def456"
}
{
    "id": 1,
    "sender": "0x123456789abcdef",
    "receiver": "Bob",
    "amount": 0.0005,
    "hash": "abc123"
}
{
    "id": 2,
    "sender": "Eve",
    "receiver": "Charlie",
    "amount": 0.0002,
    "hash": "def456"
}
{
    "id": 1,
    "sender": "0x123456789abcdef",
    "receiver": "Bob",
    "amount": 0.0005,
    "hash": "abc123"
}
{
    "id": 2,
    "sender": "Eve",
    "receiver": "Charlie",
    "amount": 0.0002,
    "hash": "def456"
}
{
    "id": 1,
    "sender": "0x123456789abcdef",
    "receiver": "Bob",
    "amount": 0.0005,
    "hash": "abc123"
}
{
    "id": 2,
    "sender": "Eve",
    "receiver": "Charlie",
    "amount": 0.0002,
    "hash": "def456"
}
{
    "id": 1,
    "sender": "0x123456789abcdef",
    "receiver": "Bob",
    "amount": 0.0005,
    "hash": "abc123"
}
{
    "id": 2,
    "sender": "Eve",
    "receiver": "Charlie",
    "amount": 0.0002,
    "hash": "def456"
}
{
    "id": 1,
    "sender": "0x123456789abcdef",
    "receiver": "Bob",
    "amount": 0.0005,
    "hash": "abc123"
}
{
    "id": 2,
    "sender": "Eve",
    "receiver": "Charlie",
    "amount": 0.0002,
    "hash": "def456"
}
{
    "id": 1,
    "sender": "0x123456789abcdef",
    "receiver": "Bob",
    "amount": 0.0005,
    "hash": "abc123"
}
{
    "id": 2,
    "sender": "Eve",
    "receiver": "Charlie",
    "amount": 0.0002,
    "hash": "def456"
}
{
    "id": 1,
    "sender": "0x123456789abcdef",
    "receiver": "Bob",
    "amount": 0.0005,
    "hash": "abc123"
}
{
    "id": 2,
    "sender": "Eve",
    "receiver": "Charlie",
    "amount": 0.0002,
    "hash": "def456"
}
{
    "id": 1,
    "sender": "0x123456789abcdef",
    "receiver": "Bob",
    "amount": 0.0005,
    "hash": "abc123"
}
{
    "id": 2,
    "sender": "Eve",
    "receiver": "Charlie",
    "amount": 0.0002,
    "hash": "def456"
}
{
    "id": 1,
    "sender": "0x123456789abcdef",
    "receiver": "Bob",
    "amount": 0.0005,
    "hash": "abc123"
}
{
    "id": 2,
    "sender": "Eve",
    "receiver": "Charlie",
    "amount": 0.0002,
    "hash": "def456"
}
{
    "id": 1,
    "sender": "0x123456789abcdef",
    "receiver": "Bob",
    "amount": 0.0005,
    "hash": "abc123"
}
{
    "id": 2,
    "sender": "Eve",
    "receiver": "Charlie",
    "amount": 0.0002,
    "hash": "def456"
}
{
    "id": 1,
    "sender": "0x123456789abcdef",
    "receiver": "Bob",
    "amount": 0.0005,
    "hash": "abc123"
}
{
    "id": 2,
    "sender": "Eve",
    "receiver": "Charlie",
    "amount": 0.0002,
    "hash": "def456"
}
{
    "id": 1,
    "sender": "0x123456789abcdef",
    "receiver": "Bob",
    "amount": 0.0005,
    "hash": "abc123"
}
{
    "id": 2,
    "sender": "Eve",
    "receiver": "Charlie",
    "amount": 0.0002,
    "hash": "def456"
}
{
    "id": 2,
    "sender": "farhaan",
    "receiver": "0x123456789abcdef",
    "amount": 0.005171,
    "hash": "1127bf56cb7f401425af12fd55bcc3190044de58381c45d5bd25f198da5391b9",
    "timestamp": 1310,
    "status": "Success"
}
{
    "id": 2,
    "sender": "farhaan",
    "receiver": "0x123456789abcdef",
    "amount": 0.005171,
    "hash": "1127bf56cb7f401425af12fd55bcc3190044de58381c45d5bd25f198da5391b9",
    "timestamp": 1310,
    "status": "Success"
}
{
    "id": 3,
    "sender": "farhaan",
    "receiver": "farhaan",
    "amount": 0.008475,
    "hash": "e506a30a4e5edeb295e96dcfb7736d33f64f80e5288e6bc4463ff41b05d9013a",
    "timestamp": 1312,
    "status": "Success"
}
2, farhaan
{
    "id": 2,
    "sender": "farhaan",
    "receiver": "0x123456789abcdef",
    "amount": 0.007658,
    "hash": "e4f894d49a045c8e7e4cae36d4f5d60c0a7f9dfa8462bc7a158f6af8bb94a623",
    "timestamp": 1323,
    "status": "Success"
}
3, 33
{
    "id": 2,
    "sender": "farhaan",
    "receiver": "0x123456789abcdef",
    "amount": 0.007658,
    "hash": "e4f894d49a045c8e7e4cae36d4f5d60c0a7f9dfa8462bc7a158f6af8bb94a623",
    "timestamp": 1323,
    "status": "Success"
}
{
    "id": 3,
    "sender": "33",
    "receiver": "farhaan",
    "amount": 0.00315,
    "hash": "eb2afcf8c21fda223895faebb0b8bd4d08895d1d80ebab7013b9cbc54741be6c",
    "timestamp": 1323,
    "status": "Success"
}
2, farhaan
{
    "id": 2,
    "sender": "farhaan",
    "receiver": "0x123456789abcdef",
    "amount": 0.006324,
    "hash": "59238f1087ec7675026213e3982363ca5e0395d59d5a781f244fc66de4e9c13e",
    "timestamp": 1325,
    "status": "Success"
}
2, farhaan
{
    "id": 2,
    "sender": "farhaan",
    "receiver": "0x123456789abcdef",
    "amount": 0.00827,
    "hash": "52b49739592de38b1338040bdc04e51fa97539da70fd8df1fc3d7429b92907ab",
    "timestamp": 1345,
    "status": "Success"
}
3, d
{
    "id": 2,
    "sender": "farhaan",
    "receiver": "0x123456789abcdef",
    "amount": 0.00827,
    "hash": "52b49739592de38b1338040bdc04e51fa97539da70fd8df1fc3d7429b92907ab",
    "timestamp": 1345,
    "status": "Success"
}
{
    "id": 3,
    "sender": "d",
    "receiver": "farhaan",
    "amount": 0.006934,
    "hash": "387aa0f8ca377ced4c293b1824079ef7bca6ecea62c7dd90b0af844bc0d2e4f0",
    "timestamp": 1349,
    "status": "Success"
}
1, farhaan
{
    "id": 1,
    "sender": "farhaan",
    "receiver": "0x123456789abcdef",
    "amount": 0.007473,
    "hash": "a7e990644a939d42509f3e8a2a34ffa0919a298bf5f650cc252c44a4e95dd6c2",
    "timestamp": 1350,
    "status": "Success"
}
1, 1
{
    "id": 1,
    "sender": "farhaan",
    "receiver": "0x123456789abcdef",
    "amount": 0.007473,
    "hash": "a7e990644a939d42509f3e8a2a34ffa0919a298bf5f650cc252c44a4e95dd6c2",
    "timestamp": 1350,
    "status": "Success"
}
{
    "id": 1,
    "sender": "1",
    "receiver": "farhaan",
    "amount": 0.004099,
    "hash": "02e205db25bf162b33a231990a2f4a7e37f85f4b1d51e4c816049ed32bd58dd9",
    "timestamp": 1352,
    "status": "Success"
}
1, farhaan
{
    "id": 1,
    "sender": "farhaan",
    "receiver": "0x123456789abcdef",
    "amount": 0.006324,
    "hash": "8143c37aa0f51259fe7745b429fb92b4382e1d8e556693e2a2c025276cbf1204",
    "timestamp": 1356,
    "status": "Success"
}
1, qureshi
{
    "id": 1,
    "sender": "qureshi",
    "receiver": "farhaan",
    "amount": 0.007367,
    "hash": "948e1a583b93c045bc1a524d46e56425500c401d69b6283d7d87474a8bb6bd49",
    "timestamp": 1357,
    "status": "Success"
}
1, 3
{
    "id": 1,
    "sender": "3",
    "receiver": "qureshi",
    "amount": 0.002476,
    "hash": "df2488d736046137081eb46cba8a337833e69fca8266ccd8dabc31f822007c7e",
    "timestamp": 1357,
    "status": "Success"
}
